0 info it worked if it ends with ok
1 verbose cli [ 'C:\\Program Files\\nodejs\\node.exe',
1 verbose cli   'C:\\Program Files\\nodejs\\node_modules\\npm\\bin\\npm-cli.js',
1 verbose cli   'run',
1 verbose cli   'lint:css' ]
2 info using npm@3.10.10
3 info using node@v6.9.4
4 verbose run-script [ 'prelint:css', 'lint:css', 'postlint:css' ]
5 info lifecycle oe-studio@0.0.1~prelint:css: oe-studio@0.0.1
6 silly lifecycle oe-studio@0.0.1~prelint:css: no script for prelint:css, continuing
7 info lifecycle oe-studio@0.0.1~lint:css: oe-studio@0.0.1
8 verbose lifecycle oe-studio@0.0.1~lint:css: unsafe-perm in lifecycle true
9 verbose lifecycle oe-studio@0.0.1~lint:css: PATH: C:\Program Files\nodejs\node_modules\npm\bin\node-gyp-bin;D:\ev\evf-designer\node_modules\.bin;D:\Softwares\cmder\bin;D:\Softwares\cmder\vendor\conemu-maximus5\ConEmu\Scripts;D:\Softwares\cmder\vendor\conemu-maximus5;D:\Softwares\cmder\vendor\conemu-maximus5\ConEmu;C:\windows\system32;C:\windows;C:\windows\System32\Wbem;C:\windows\System32\WindowsPowerShell\v1.0\;C:\Program Files (x86)\Heroku\bin;C:\Program Files\Microsoft SQL Server\110\Tools\Binn\;C:\Program Files (x86)\Brackets\command;C:\Users\sourav_kumar09.ITLINFOSYS\AppData\Local\Programs\Git\cmd;C:\Program Files\nodejs\;C:\Program Files (x86)\Yarn\bin;C:\Program Files (x86)\Git\cmd;C:\Users\sourav_kumar09.ITLINFOSYS\AppData\Local\Programs\Python\Python35-32\Scripts\;C:\Users\sourav_kumar09.ITLINFOSYS\AppData\Local\Programs\Python\Python35-32\;C:\ProgramData\Oracle\Java\javapath;C:\windows\system32;C:\windows;C:\windows\System32\Wbem;C:\windows\System32\WindowsPowerShell\v1.0\;C:\Program Files (x86)\Brackets\command;C:\Users\sourav_kumar09.ITLINFOSYS\AppData\Local\Programs\Git\cmd;C:\Program Files\MongoDB\Server\3.2\bin\;C:\Python27;C:\Python27\Scripts;C:\Program Files\Java\jdk1.8.0_73\bin;D:\Softwares\sdk\platform-tools;D:\Softwares\sdk\tools;C:\Program Files\Sublime Text 3;C:\Program Files (x86)\Microsoft VS Code\bin;C:\Users\sourav_kumar09.ITLINFOSYS\AppData\Roaming\npm;C:\Turbo C++ 3.2\WinRoot\TURBOC3\BIN;C:\Users\sourav_kumar09.ITLINFOSYS\AppData\Local\Yarn\.bin;C:\Program Files (x86)\Heroku\bin;C:\Users\sourav_kumar09.ITLINFOSYS\AppData\Local\Programs\Git\usr\bin;C:\Users\sourav_kumar09.ITLINFOSYS\AppData\Local\Programs\Git\usr\share\vim\vim74;D:\Softwares\cmder\
10 verbose lifecycle oe-studio@0.0.1~lint:css: CWD: D:\ev\evf-designer
11 silly lifecycle oe-studio@0.0.1~lint:css: Args: [ '/d /s /c', 'stylelint **/*.html' ]
12 silly lifecycle oe-studio@0.0.1~lint:css: Returned: code: 2  signal: null
13 info lifecycle oe-studio@0.0.1~lint:css: Failed to exec lint:css script
14 verbose stack Error: oe-studio@0.0.1 lint:css: `stylelint **/*.html`
14 verbose stack Exit status 2
14 verbose stack     at EventEmitter.<anonymous> (C:\Program Files\nodejs\node_modules\npm\lib\utils\lifecycle.js:255:16)
14 verbose stack     at emitTwo (events.js:106:13)
14 verbose stack     at EventEmitter.emit (events.js:191:7)
14 verbose stack     at ChildProcess.<anonymous> (C:\Program Files\nodejs\node_modules\npm\lib\utils\spawn.js:40:14)
14 verbose stack     at emitTwo (events.js:106:13)
14 verbose stack     at ChildProcess.emit (events.js:191:7)
14 verbose stack     at maybeClose (internal/child_process.js:877:16)
14 verbose stack     at Process.ChildProcess._handle.onexit (internal/child_process.js:226:5)
15 verbose pkgid oe-studio@0.0.1
16 verbose cwd D:\ev\evf-designer
17 error Windows_NT 6.1.7601
18 error argv "C:\\Program Files\\nodejs\\node.exe" "C:\\Program Files\\nodejs\\node_modules\\npm\\bin\\npm-cli.js" "run" "lint:css"
19 error node v6.9.4
20 error npm  v3.10.10
21 error code ELIFECYCLE
22 error oe-studio@0.0.1 lint:css: `stylelint **/*.html`
22 error Exit status 2
23 error Failed at the oe-studio@0.0.1 lint:css script 'stylelint **/*.html'.
23 error Make sure you have the latest version of node.js and npm installed.
23 error If you do, this is most likely a problem with the oe-studio package,
23 error not with npm itself.
23 error Tell the author that this fails on your system:
23 error     stylelint **/*.html
23 error You can get information on how to open an issue for this project with:
23 error     npm bugs oe-studio
23 error Or if that isn't available, you can get their info via:
23 error     npm owner ls oe-studio
23 error There is likely additional logging output above.
24 verbose exit [ 1, true ]
