Arguments: 
  C:\Program Files\nodejs\node.exe C:\Program Files (x86)\Yarn\bin\yarn.js

PATH: 
  D:\Softwares\cmder\bin;D:\Softwares\cmder\vendor\conemu-maximus5\ConEmu\Scripts;D:\Softwares\cmder\vendor\conemu-maximus5;D:\Softwares\cmder\vendor\conemu-maximus5\ConEmu;C:\windows\system32;C:\windows;C:\windows\System32\Wbem;C:\windows\System32\WindowsPowerShell\v1.0\;C:\Program Files (x86)\Heroku\bin;C:\Program Files\Microsoft SQL Server\110\Tools\Binn\;C:\Program Files (x86)\Brackets\command;C:\Users\sourav_kumar09.ITLINFOSYS\AppData\Local\Programs\Git\cmd;C:\Program Files\nodejs\;C:\Program Files (x86)\Yarn\bin;C:\Program Files (x86)\Git\cmd;C:\Users\sourav_kumar09.ITLINFOSYS\AppData\Local\Programs\Python\Python35-32\Scripts\;C:\Users\sourav_kumar09.ITLINFOSYS\AppData\Local\Programs\Python\Python35-32\;C:\ProgramData\Oracle\Java\javapath;C:\windows\system32;C:\windows;C:\windows\System32\Wbem;C:\windows\System32\WindowsPowerShell\v1.0\;C:\Program Files (x86)\Brackets\command;C:\Users\sourav_kumar09.ITLINFOSYS\AppData\Local\Programs\Git\cmd;C:\Program Files\MongoDB\Server\3.2\bin\;C:\Python27;C:\Python27\Scripts;C:\Program Files\Java\jdk1.8.0_73\bin;D:\Softwares\sdk\platform-tools;D:\Softwares\sdk\tools;C:\Program Files\Sublime Text 3;C:\Program Files (x86)\Microsoft VS Code\bin;C:\Users\sourav_kumar09.ITLINFOSYS\AppData\Roaming\npm;C:\Turbo C++ 3.2\WinRoot\TURBOC3\BIN;C:\Users\sourav_kumar09.ITLINFOSYS\AppData\Local\Yarn\.bin;C:\Program Files (x86)\Heroku\bin;C:\Users\sourav_kumar09.ITLINFOSYS\AppData\Local\Programs\Git\usr\bin;C:\Users\sourav_kumar09.ITLINFOSYS\AppData\Local\Programs\Git\usr\share\vim\vim74;D:\Softwares\cmder\

Yarn version: 
  0.23.3

Node version: 
  6.9.4

Platform: 
  win32 x64

npm manifest: 
  {
    "name": "oe-studio",
    "version": "0.0.1",
    "description": "Polymer oe-studio test repo",
    "main": "index.html",
    "directories": {
      "test": "test"
    },
    "scripts": {
      "lint:polymer": "polylint",
      "lint:js": "eslint . --fix --ext js,html --ignore-path .gitignore",
      "lint:css": "stylelint **/*.html",
      "lint": "npm-run-all -c -n -s --silent lint:*",
      "test": "wct",
      "postinstall": "bower install"
    },
    "pre-commit": [
      "lint",
      "test"
    ],
    "keywords": [
      "bower",
      "git",
      "polymer",
      "seed"
    ],
    "author": "Edgeverve",
    "license": "MIT",
    "devDependencies": {
      "eslint": "^3.19.0",
      "eslint-plugin-html": "^2.0.1",
      "npm-run-all": "^4.0.2",
      "polylint": "^2.10.4",
      "pre-commit": "^1.2.2",
      "stylelint": "^7.10.1",
      "stylelint-config-standard": "^16.0.0",
      "stylelint-processor-html": "^1.0.0",
      "web-component-tester": "^5.0.1"
    }
  }

yarn manifest: 
  No manifest

Lockfile: 
  No lockfile

Trace: 
  Error: getaddrinfo EAI_AGAIN github.com:443
      at Object.exports._errnoException (util.js:1022:11)
      at errnoException (dns.js:33:15)
      at GetAddrInfoReqWrap.onlookup [as oncomplete] (dns.js:76:26)
